<?xml version="1.0" encoding="UTF-8"?>
<!-- Generated by org.testng.reporters.JUnitReportReporter -->
<testsuite hostname="DESKTOP-JRL76N4" failures="0" tests="1" name="TestKite.KiteTest" time="2.834" errors="0" timestamp="2022-09-09T11:22:20 IST" skipped="0">
  <testcase classname="TestKite.KiteTest" name="verifyuserID" time="2.834"/>
  <system-out>
    <![CDATA[running verify user id]]>
  </system-out>
</testsuite> <!-- TestKite.KiteTest -->
